This file contains any messages produced by compilers while
running configure, to aid debugging if configure makes a mistake.

It was created by PCRE2 configure 10.22, which was
generated by GNU Autoconf 2.69.  Invocation command line was

  $ ./configure --with-parens-nest-limit=50000 --with-match-limit=500000000 --disable-stack-for-recursion --enable-static --disable-shared --with-pic --prefix=/home/pscottdv/repos/pscottdv/node-pcre2/deps/pcre2/../../build_pcre2/

## --------- ##
## Platform. ##
## --------- ##

hostname = office
uname -m = x86_64
uname -r = 4.15.0-60-generic
uname -s = Linux
uname -v = #67-Ubuntu SMP Thu Aug 22 16:55:30 UTC 2019

/usr/bin/uname -p = unknown
/bin/uname -X     = unknown

/bin/arch              = unknown
/usr/bin/arch -k       = unknown
/usr/convex/getsysinfo = unknown
/usr/bin/hostinfo      = unknown
/bin/machine           = unknown
/usr/bin/oslevel       = unknown
/bin/universe          = unknown

PATH: /home/pscottdv/.npm-global/lib/node_modules/npm/node_modules/npm-lifecycle/node-gyp-bin
PATH: /home/pscottdv/repos/step-interface/nginx/js/node_modules/pcre2/node_modules/.bin
PATH: /home/pscottdv/repos/step-interface/nginx/js/node_modules/.bin
PATH: /home/pscottdv/.npm-global/bin
PATH: /home/pscottdv/.local/share/umake/bin
PATH: /home/pscottdv/.local/bin
PATH: /usr/local/sbin
PATH: /usr/local/bin
PATH: /usr/sbin
PATH: /usr/bin
PATH: /sbin
PATH: /bin
PATH: /usr/games
PATH: /usr/local/games
PATH: /snap/bin
PATH: /opt/mssql-tools/bin
PATH: /home/pscottdv/.local/flutter/bin


## ----------- ##
## Core tests. ##
## ----------- ##

configure:2545: checking for a BSD-compatible install
configure:2613: result: /usr/bin/install -c
configure:2624: checking whether build environment is sane
configure:2679: result: yes
configure:2830: checking for a thread-safe mkdir -p
configure:2869: result: /bin/mkdir -p
configure:2876: checking for gawk
configure:2892: found /usr/bin/gawk
configure:2903: result: gawk
configure:2914: checking whether make sets $(MAKE)
configure:2936: result: yes
configure:2965: checking whether make supports nested variables
configure:2982: result: yes
configure:3119: checking whether make supports nested variables
configure:3136: result: yes
configure:3163: checking for style of include used by make
configure:3191: result: GNU
configure:3262: checking for gcc
configure:3278: found /usr/bin/gcc
configure:3289: result: gcc
configure:3518: checking for C compiler version
configure:3527: gcc --version >&5
gcc (Ubuntu 7.4.0-1ubuntu1~18.04.1) 7.4.0
Copyright (C) 2017 Free Software Foundation, Inc.
This is free software; see the source for copying conditions.  There is NO
warranty; not even for MERCHANTABILITY or FITNESS FOR A PARTICULAR PURPOSE.

configure:3538: $? = 0
configure:3527: gcc -v >&5
Using built-in specs.
COLLECT_GCC=gcc
COLLECT_LTO_WRAPPER=/usr/lib/gcc/x86_64-linux-gnu/7/lto-wrapper
OFFLOAD_TARGET_NAMES=nvptx-none
OFFLOAD_TARGET_DEFAULT=1
Target: x86_64-linux-gnu
Configured with: ../src/configure -v --with-pkgversion='Ubuntu 7.4.0-1ubuntu1~18.04.1' --with-bugurl=file:///usr/share/doc/gcc-7/README.Bugs --enable-languages=c,ada,c++,go,brig,d,fortran,objc,obj-c++ --prefix=/usr --with-gcc-major-version-only --program-suffix=-7 --program-prefix=x86_64-linux-gnu- --enable-shared --enable-linker-build-id --libexecdir=/usr/lib --without-included-gettext --enable-threads=posix --libdir=/usr/lib --enable-nls --with-sysroot=/ --enable-clocale=gnu --enable-libstdcxx-debug --enable-libstdcxx-time=yes --with-default-libstdcxx-abi=new --enable-gnu-unique-object --disable-vtable-verify --enable-libmpx --enable-plugin --enable-default-pie --with-system-zlib --with-target-system-zlib --enable-objc-gc=auto --enable-multiarch --disable-werror --with-arch-32=i686 --with-abi=m64 --with-multilib-list=m32,m64,mx32 --enable-multilib --with-tune=generic --enable-offload-targets=nvptx-none --without-cuda-driver --enable-checking=release --build=x86_64-linux-gnu --host=x86_64-linux-gnu --target=x86_64-linux-gnu
Thread model: posix
gcc version 7.4.0 (Ubuntu 7.4.0-1ubuntu1~18.04.1) 
configure:3538: $? = 0
configure:3527: gcc -V >&5
gcc: error: unrecognized command line option '-V'
gcc: fatal error: no input files
compilation terminated.
configure:3538: $? = 1
configure:3527: gcc -qversion >&5
gcc: error: unrecognized command line option '-qversion'; did you mean '--version'?
gcc: fatal error: no input files
compilation terminated.
configure:3538: $? = 1
configure:3558: checking whether the C compiler works
configure:3580: gcc    conftest.c  >&5
configure:3584: $? = 0
configure:3632: result: yes
configure:3635: checking for C compiler default output file name
configure:3637: result: a.out
configure:3643: checking for suffix of executables
configure:3650: gcc -o conftest    conftest.c  >&5
configure:3654: $? = 0
configure:3676: result: 
configure:3698: checking whether we are cross compiling
configure:3706: gcc -o conftest    conftest.c  >&5
configure:3710: $? = 0
configure:3717: ./conftest
configure:3721: $? = 0
configure:3736: result: no
configure:3741: checking for suffix of object files
configure:3763: gcc -c   conftest.c >&5
configure:3767: $? = 0
configure:3788: result: o
configure:3792: checking whether we are using the GNU C compiler
configure:3811: gcc -c   conftest.c >&5
configure:3811: $? = 0
configure:3820: result: yes
configure:3829: checking whether gcc accepts -g
configure:3849: gcc -c -g  conftest.c >&5
configure:3849: $? = 0
configure:3890: result: yes
configure:3907: checking for gcc option to accept ISO C89
configure:3970: gcc  -c -g -O2  conftest.c >&5
configure:3970: $? = 0
configure:3983: result: none needed
configure:4008: checking whether gcc understands -c and -o together
configure:4030: gcc -c conftest.c -o conftest2.o
configure:4033: $? = 0
configure:4030: gcc -c conftest.c -o conftest2.o
configure:4033: $? = 0
configure:4045: result: yes
configure:4064: checking dependency style of gcc
configure:4175: result: gcc3
configure:4240: checking for ar
configure:4256: found /usr/bin/ar
configure:4267: result: ar
configure:4293: checking the archiver (ar) interface
configure:4309: gcc -c -g -O2  conftest.c >&5
configure:4309: $? = 0
configure:4311: ar cru libconftest.a conftest.o >&5
ar: `u' modifier ignored since `D' is the default (see `U')
configure:4314: $? = 0
configure:4342: result: ar
configure:4424: checking for gcc
configure:4451: result: gcc
configure:4680: checking for C compiler version
configure:4689: gcc --version >&5
gcc (Ubuntu 7.4.0-1ubuntu1~18.04.1) 7.4.0
Copyright (C) 2017 Free Software Foundation, Inc.
This is free software; see the source for copying conditions.  There is NO
warranty; not even for MERCHANTABILITY or FITNESS FOR A PARTICULAR PURPOSE.

configure:4700: $? = 0
configure:4689: gcc -v >&5
Using built-in specs.
COLLECT_GCC=gcc
COLLECT_LTO_WRAPPER=/usr/lib/gcc/x86_64-linux-gnu/7/lto-wrapper
OFFLOAD_TARGET_NAMES=nvptx-none
OFFLOAD_TARGET_DEFAULT=1
Target: x86_64-linux-gnu
Configured with: ../src/configure -v --with-pkgversion='Ubuntu 7.4.0-1ubuntu1~18.04.1' --with-bugurl=file:///usr/share/doc/gcc-7/README.Bugs --enable-languages=c,ada,c++,go,brig,d,fortran,objc,obj-c++ --prefix=/usr --with-gcc-major-version-only --program-suffix=-7 --program-prefix=x86_64-linux-gnu- --enable-shared --enable-linker-build-id --libexecdir=/usr/lib --without-included-gettext --enable-threads=posix --libdir=/usr/lib --enable-nls --with-sysroot=/ --enable-clocale=gnu --enable-libstdcxx-debug --enable-libstdcxx-time=yes --with-default-libstdcxx-abi=new --enable-gnu-unique-object --disable-vtable-verify --enable-libmpx --enable-plugin --enable-default-pie --with-system-zlib --with-target-system-zlib --enable-objc-gc=auto --enable-multiarch --disable-werror --with-arch-32=i686 --with-abi=m64 --with-multilib-list=m32,m64,mx32 --enable-multilib --with-tune=generic --enable-offload-targets=nvptx-none --without-cuda-driver --enable-checking=release --build=x86_64-linux-gnu --host=x86_64-linux-gnu --target=x86_64-linux-gnu
Thread model: posix
gcc version 7.4.0 (Ubuntu 7.4.0-1ubuntu1~18.04.1) 
configure:4700: $? = 0
configure:4689: gcc -V >&5
gcc: error: unrecognized command line option '-V'
gcc: fatal error: no input files
compilation terminated.
configure:4700: $? = 1
configure:4689: gcc -qversion >&5
gcc: error: unrecognized command line option '-qversion'; did you mean '--version'?
gcc: fatal error: no input files
compilation terminated.
configure:4700: $? = 1
configure:4704: checking whether we are using the GNU C compiler
configure:4732: result: yes
configure:4741: checking whether gcc accepts -g
configure:4802: result: yes
configure:4819: checking for gcc option to accept ISO C89
configure:4895: result: none needed
configure:4920: checking whether gcc understands -c and -o together
configure:4957: result: yes
configure:4976: checking dependency style of gcc
configure:5087: result: gcc3
configure:5121: checking how to run the C preprocessor
configure:5152: gcc -E  conftest.c
configure:5152: $? = 0
configure:5166: gcc -E  conftest.c
conftest.c:11:10: fatal error: ac_nonexistent.h: No such file or directory
 #include <ac_nonexistent.h>
          ^~~~~~~~~~~~~~~~~~
compilation terminated.
configure:5166: $? = 1
configure: failed program was:
| /* confdefs.h */
| #define PACKAGE_NAME "PCRE2"
| #define PACKAGE_TARNAME "pcre2"
| #define PACKAGE_VERSION "10.22"
| #define PACKAGE_STRING "PCRE2 10.22"
| #define PACKAGE_BUGREPORT ""
| #define PACKAGE_URL ""
| #define PACKAGE "pcre2"
| #define VERSION "10.22"
| /* end confdefs.h.  */
| #include <ac_nonexistent.h>
configure:5191: result: gcc -E
configure:5211: gcc -E  conftest.c
configure:5211: $? = 0
configure:5225: gcc -E  conftest.c
conftest.c:11:10: fatal error: ac_nonexistent.h: No such file or directory
 #include <ac_nonexistent.h>
          ^~~~~~~~~~~~~~~~~~
compilation terminated.
configure:5225: $? = 1
configure: failed program was:
| /* confdefs.h */
| #define PACKAGE_NAME "PCRE2"
| #define PACKAGE_TARNAME "pcre2"
| #define PACKAGE_VERSION "10.22"
| #define PACKAGE_STRING "PCRE2 10.22"
| #define PACKAGE_BUGREPORT ""
| #define PACKAGE_URL ""
| #define PACKAGE "pcre2"
| #define VERSION "10.22"
| /* end confdefs.h.  */
| #include <ac_nonexistent.h>
configure:5254: checking for grep that handles long lines and -e
configure:5312: result: /bin/grep
configure:5317: checking for egrep
configure:5379: result: /bin/grep -E
configure:5384: checking for ANSI C header files
configure:5404: gcc -c -g -O2  conftest.c >&5
configure:5404: $? = 0
configure:5477: gcc -o conftest -g -O2   conftest.c  >&5
configure:5477: $? = 0
configure:5477: ./conftest
configure:5477: $? = 0
configure:5488: result: yes
configure:5501: checking for sys/types.h
configure:5501: gcc -c -g -O2  conftest.c >&5
configure:5501: $? = 0
configure:5501: result: yes
configure:5501: checking for sys/stat.h
configure:5501: gcc -c -g -O2  conftest.c >&5
configure:5501: $? = 0
configure:5501: result: yes
configure:5501: checking for stdlib.h
configure:5501: gcc -c -g -O2  conftest.c >&5
configure:5501: $? = 0
configure:5501: result: yes
configure:5501: checking for string.h
configure:5501: gcc -c -g -O2  conftest.c >&5
configure:5501: $? = 0
configure:5501: result: yes
configure:5501: checking for memory.h
configure:5501: gcc -c -g -O2  conftest.c >&5
configure:5501: $? = 0
configure:5501: result: yes
configure:5501: checking for strings.h
configure:5501: gcc -c -g -O2  conftest.c >&5
configure:5501: $? = 0
configure:5501: result: yes
configure:5501: checking for inttypes.h
configure:5501: gcc -c -g -O2  conftest.c >&5
configure:5501: $? = 0
configure:5501: result: yes
configure:5501: checking for stdint.h
configure:5501: gcc -c -g -O2  conftest.c >&5
configure:5501: $? = 0
configure:5501: result: yes
configure:5501: checking for unistd.h
configure:5501: gcc -c -g -O2  conftest.c >&5
configure:5501: $? = 0
configure:5501: result: yes
configure:5513: checking for int64_t
configure:5513: gcc -c -g -O2  conftest.c >&5
configure:5513: $? = 0
configure:5513: gcc -c -g -O2  conftest.c >&5
conftest.c: In function 'main':
conftest.c:59:53: warning: integer overflow in expression [-Woverflow]
    < (int64_t) (((((int64_t) 1 << N) << N) - 1) * 2 + 2))];
                                                     ^
conftest.c:58:12: error: storage size of 'test_array' isn't constant
 static int test_array [1 - 2 * !((int64_t) (((((int64_t) 1 << N) << N) - 1) * 2 + 1)
            ^~~~~~~~~~
configure:5513: $? = 1
configure: failed program was:
| /* confdefs.h */
| #define PACKAGE_NAME "PCRE2"
| #define PACKAGE_TARNAME "pcre2"
| #define PACKAGE_VERSION "10.22"
| #define PACKAGE_STRING "PCRE2 10.22"
| #define PACKAGE_BUGREPORT ""
| #define PACKAGE_URL ""
| #define PACKAGE "pcre2"
| #define VERSION "10.22"
| #define STDC_HEADERS 1
| #define HAVE_SYS_TYPES_H 1
| #define HAVE_SYS_STAT_H 1
| #define HAVE_STDLIB_H 1
| #define HAVE_STRING_H 1
| #define HAVE_MEMORY_H 1
| #define HAVE_STRINGS_H 1
| #define HAVE_INTTYPES_H 1
| #define HAVE_STDINT_H 1
| #define HAVE_UNISTD_H 1
| /* end confdefs.h.  */
| #include <stdio.h>
| #ifdef HAVE_SYS_TYPES_H
| # include <sys/types.h>
| #endif
| #ifdef HAVE_SYS_STAT_H
| # include <sys/stat.h>
| #endif
| #ifdef STDC_HEADERS
| # include <stdlib.h>
| # include <stddef.h>
| #else
| # ifdef HAVE_STDLIB_H
| #  include <stdlib.h>
| # endif
| #endif
| #ifdef HAVE_STRING_H
| # if !defined STDC_HEADERS && defined HAVE_MEMORY_H
| #  include <memory.h>
| # endif
| # include <string.h>
| #endif
| #ifdef HAVE_STRINGS_H
| # include <strings.h>
| #endif
| #ifdef HAVE_INTTYPES_H
| # include <inttypes.h>
| #endif
| #ifdef HAVE_STDINT_H
| # include <stdint.h>
| #endif
| #ifdef HAVE_UNISTD_H
| # include <unistd.h>
| #endif
| 	        enum { N = 64 / 2 - 1 };
| int
| main ()
| {
| static int test_array [1 - 2 * !((int64_t) (((((int64_t) 1 << N) << N) - 1) * 2 + 1)
| 		 < (int64_t) (((((int64_t) 1 << N) << N) - 1) * 2 + 2))];
| test_array [0] = 0;
| return test_array [0];
| 
|   ;
|   return 0;
| }
configure:5513: result: yes
configure:5530: checking build system type
configure:5544: result: x86_64-unknown-linux-gnu
configure:5564: checking host system type
configure:5577: result: x86_64-unknown-linux-gnu
configure:5946: checking how to print strings
configure:5973: result: printf
configure:5994: checking for a sed that does not truncate output
configure:6058: result: /bin/sed
configure:6076: checking for fgrep
configure:6138: result: /bin/grep -F
configure:6173: checking for ld used by gcc
configure:6240: result: /usr/bin/ld
configure:6247: checking if the linker (/usr/bin/ld) is GNU ld
configure:6262: result: yes
configure:6274: checking for BSD- or MS-compatible name lister (nm)
configure:6328: result: /usr/bin/nm -B
configure:6458: checking the name lister (/usr/bin/nm -B) interface
configure:6465: gcc -c -g -O2  conftest.c >&5
configure:6468: /usr/bin/nm -B "conftest.o"
configure:6471: output
0000000000000000 B some_variable
configure:6478: result: BSD nm
configure:6481: checking whether ln -s works
configure:6485: result: yes
configure:6493: checking the maximum length of command line arguments
configure:6624: result: 1572864
configure:6672: checking how to convert x86_64-unknown-linux-gnu file names to x86_64-unknown-linux-gnu format
configure:6712: result: func_convert_file_noop
configure:6719: checking how to convert x86_64-unknown-linux-gnu file names to toolchain format
configure:6739: result: func_convert_file_noop
configure:6746: checking for /usr/bin/ld option to reload object files
configure:6753: result: -r
configure:6827: checking for objdump
configure:6854: result: objdump
configure:6883: checking how to recognize dependent libraries
configure:7083: result: pass_all
configure:7168: checking for dlltool
configure:7195: result: dlltool
configure:7225: checking how to associate runtime and link libraries
configure:7252: result: printf %s\n
configure:7376: checking for archiver @FILE support
configure:7393: gcc -c -g -O2  conftest.c >&5
configure:7393: $? = 0
configure:7396: ar cru libconftest.a @conftest.lst >&5
ar: `u' modifier ignored since `D' is the default (see `U')
configure:7399: $? = 0
configure:7404: ar cru libconftest.a @conftest.lst >&5
ar: `u' modifier ignored since `D' is the default (see `U')
ar: conftest.o: No such file or directory
configure:7407: $? = 1
configure:7419: result: @
configure:7477: checking for strip
configure:7493: found /usr/bin/strip
configure:7504: result: strip
configure:7576: checking for ranlib
configure:7592: found /usr/bin/ranlib
configure:7603: result: ranlib
configure:7705: checking command to parse /usr/bin/nm -B output from gcc object
configure:7858: gcc -c -g -O2  conftest.c >&5
configure:7861: $? = 0
configure:7865: /usr/bin/nm -B conftest.o \| sed -n -e 's/^.*[ ]\([ABCDGIRSTW][ABCDGIRSTW]*\)[ ][ ]*\([_A-Za-z][_A-Za-z0-9]*\)$/\1 \2 \2/p' | sed '/ __gnu_lto/d' \> conftest.nm
configure:7868: $? = 0
configure:7934: gcc -o conftest -g -O2   conftest.c conftstm.o >&5
configure:7937: $? = 0
configure:7975: result: ok
configure:8022: checking for sysroot
configure:8052: result: no
configure:8059: checking for a working dd
configure:8097: result: /bin/dd
configure:8101: checking how to truncate binary pipes
configure:8116: result: /bin/dd bs=4096 count=1
configure:8252: gcc -c -g -O2  conftest.c >&5
configure:8255: $? = 0
configure:8445: checking for mt
configure:8461: found /bin/mt
configure:8472: result: mt
configure:8495: checking if mt is a manifest tool
configure:8501: mt '-?'
configure:8509: result: no
configure:9183: checking for dlfcn.h
configure:9183: gcc -c -g -O2  conftest.c >&5
configure:9183: $? = 0
configure:9183: result: yes
configure:9437: checking for objdir
configure:9452: result: .libs
configure:9716: checking if gcc supports -fno-rtti -fno-exceptions
configure:9734: gcc -c -g -O2  -fno-rtti -fno-exceptions conftest.c >&5
cc1: warning: command line option '-fno-rtti' is valid for C++/ObjC++ but not for C
configure:9738: $? = 0
configure:9751: result: no
configure:10109: checking for gcc option to produce PIC
configure:10116: result: -fPIC -DPIC
configure:10124: checking if gcc PIC flag -fPIC -DPIC works
configure:10142: gcc -c -g -O2  -fPIC -DPIC -DPIC conftest.c >&5
configure:10146: $? = 0
configure:10159: result: yes
configure:10188: checking if gcc static flag -static works
configure:10216: result: yes
configure:10231: checking if gcc supports -c -o file.o
configure:10252: gcc -c -g -O2  -o out/conftest2.o conftest.c >&5
configure:10256: $? = 0
configure:10278: result: yes
configure:10286: checking if gcc supports -c -o file.o
configure:10333: result: yes
configure:10366: checking whether the gcc linker (/usr/bin/ld -m elf_x86_64) supports shared libraries
configure:11625: result: yes
configure:11865: checking dynamic linker characteristics
configure:12446: gcc -o conftest -g -O2   -Wl,-rpath -Wl,/foo conftest.c  >&5
configure:12446: $? = 0
configure:12683: result: GNU/Linux ld.so
configure:12805: checking how to hardcode library paths into programs
configure:12830: result: immediate
configure:13378: checking whether stripping libraries is possible
configure:13383: result: yes
configure:13418: checking if libtool supports shared libraries
configure:13420: result: yes
configure:13423: checking whether to build shared libraries
configure:13448: result: no
configure:13451: checking whether to build static libraries
configure:13455: result: yes
configure:13492: checking whether ln -s works
configure:13496: result: yes
configure:13512: checking whether the -Werror option is usable
configure:13531: gcc -c -g -O2 -Werror  conftest.c >&5
configure:13531: $? = 0
configure:13540: result: yes
configure:13542: checking for simple visibility declarations
configure:13569: gcc -c -g -O2 -fvisibility=hidden -Werror  conftest.c >&5
configure:13569: $? = 0
configure:13578: result: yes
configure:14014: checking for ANSI C header files
configure:14118: result: yes
configure:14129: checking limits.h usability
configure:14129: gcc -c -g -O2  conftest.c >&5
configure:14129: $? = 0
configure:14129: result: yes
configure:14129: checking limits.h presence
configure:14129: gcc -E  conftest.c
configure:14129: $? = 0
configure:14129: result: yes
configure:14129: checking for limits.h
configure:14129: result: yes
configure:14129: checking for sys/types.h
configure:14129: result: yes
configure:14129: checking for sys/stat.h
configure:14129: result: yes
configure:14129: checking dirent.h usability
configure:14129: gcc -c -g -O2  conftest.c >&5
configure:14129: $? = 0
configure:14129: result: yes
configure:14129: checking dirent.h presence
configure:14129: gcc -E  conftest.c
configure:14129: $? = 0
configure:14129: result: yes
configure:14129: checking for dirent.h
configure:14129: result: yes
configure:14141: checking windows.h usability
configure:14141: gcc -c -g -O2  conftest.c >&5
conftest.c:66:10: fatal error: windows.h: No such file or directory
 #include <windows.h>
          ^~~~~~~~~~~
compilation terminated.
configure:14141: $? = 1
configure: failed program was:
| /* confdefs.h */
| #define PACKAGE_NAME "PCRE2"
| #define PACKAGE_TARNAME "pcre2"
| #define PACKAGE_VERSION "10.22"
| #define PACKAGE_STRING "PCRE2 10.22"
| #define PACKAGE_BUGREPORT ""
| #define PACKAGE_URL ""
| #define PACKAGE "pcre2"
| #define VERSION "10.22"
| #define STDC_HEADERS 1
| #define HAVE_SYS_TYPES_H 1
| #define HAVE_SYS_STAT_H 1
| #define HAVE_STDLIB_H 1
| #define HAVE_STRING_H 1
| #define HAVE_MEMORY_H 1
| #define HAVE_STRINGS_H 1
| #define HAVE_INTTYPES_H 1
| #define HAVE_STDINT_H 1
| #define HAVE_UNISTD_H 1
| #define HAVE_DLFCN_H 1
| #define LT_OBJDIR ".libs/"
| #define PCRE2_EXP_DECL extern __attribute__ ((visibility ("default")))
| #define PCRE2_EXP_DEFN __attribute__ ((visibility ("default")))
| #define PCRE2POSIX_EXP_DECL extern __attribute__ ((visibility ("default")))
| #define PCRE2POSIX_EXP_DEFN extern __attribute__ ((visibility ("default")))
| #define HAVE_VISIBILITY 1
| #define STDC_HEADERS 1
| #define HAVE_LIMITS_H 1
| #define HAVE_SYS_TYPES_H 1
| #define HAVE_SYS_STAT_H 1
| #define HAVE_DIRENT_H 1
| /* end confdefs.h.  */
| #include <stdio.h>
| #ifdef HAVE_SYS_TYPES_H
| # include <sys/types.h>
| #endif
| #ifdef HAVE_SYS_STAT_H
| # include <sys/stat.h>
| #endif
| #ifdef STDC_HEADERS
| # include <stdlib.h>
| # include <stddef.h>
| #else
| # ifdef HAVE_STDLIB_H
| #  include <stdlib.h>
| # endif
| #endif
| #ifdef HAVE_STRING_H
| # if !defined STDC_HEADERS && defined HAVE_MEMORY_H
| #  include <memory.h>
| # endif
| # include <string.h>
| #endif
| #ifdef HAVE_STRINGS_H
| # include <strings.h>
| #endif
| #ifdef HAVE_INTTYPES_H
| # include <inttypes.h>
| #endif
| #ifdef HAVE_STDINT_H
| # include <stdint.h>
| #endif
| #ifdef HAVE_UNISTD_H
| # include <unistd.h>
| #endif
| #include <windows.h>
configure:14141: result: no
configure:14141: checking windows.h presence
configure:14141: gcc -E  conftest.c
conftest.c:33:10: fatal error: windows.h: No such file or directory
 #include <windows.h>
          ^~~~~~~~~~~
compilation terminated.
configure:14141: $? = 1
configure: failed program was:
| /* confdefs.h */
| #define PACKAGE_NAME "PCRE2"
| #define PACKAGE_TARNAME "pcre2"
| #define PACKAGE_VERSION "10.22"
| #define PACKAGE_STRING "PCRE2 10.22"
| #define PACKAGE_BUGREPORT ""
| #define PACKAGE_URL ""
| #define PACKAGE "pcre2"
| #define VERSION "10.22"
| #define STDC_HEADERS 1
| #define HAVE_SYS_TYPES_H 1
| #define HAVE_SYS_STAT_H 1
| #define HAVE_STDLIB_H 1
| #define HAVE_STRING_H 1
| #define HAVE_MEMORY_H 1
| #define HAVE_STRINGS_H 1
| #define HAVE_INTTYPES_H 1
| #define HAVE_STDINT_H 1
| #define HAVE_UNISTD_H 1
| #define HAVE_DLFCN_H 1
| #define LT_OBJDIR ".libs/"
| #define PCRE2_EXP_DECL extern __attribute__ ((visibility ("default")))
| #define PCRE2_EXP_DEFN __attribute__ ((visibility ("default")))
| #define PCRE2POSIX_EXP_DECL extern __attribute__ ((visibility ("default")))
| #define PCRE2POSIX_EXP_DEFN extern __attribute__ ((visibility ("default")))
| #define HAVE_VISIBILITY 1
| #define STDC_HEADERS 1
| #define HAVE_LIMITS_H 1
| #define HAVE_SYS_TYPES_H 1
| #define HAVE_SYS_STAT_H 1
| #define HAVE_DIRENT_H 1
| /* end confdefs.h.  */
| #include <windows.h>
configure:14141: result: no
configure:14141: checking for windows.h
configure:14141: result: no
configure:14153: checking sys/wait.h usability
configure:14153: gcc -c -g -O2  conftest.c >&5
configure:14153: $? = 0
configure:14153: result: yes
configure:14153: checking sys/wait.h presence
configure:14153: gcc -E  conftest.c
configure:14153: $? = 0
configure:14153: result: yes
configure:14153: checking for sys/wait.h
configure:14153: result: yes
configure:14232: checking for an ANSI C-conforming const
configure:14298: gcc -c -g -O2  conftest.c >&5
configure:14298: $? = 0
configure:14305: result: yes
configure:14313: checking for size_t
configure:14313: gcc -c -g -O2  conftest.c >&5
configure:14313: $? = 0
configure:14313: gcc -c -g -O2  conftest.c >&5
conftest.c: In function 'main':
conftest.c:70:21: error: expected expression before ')' token
 if (sizeof ((size_t)))
                     ^
configure:14313: $? = 1
configure: failed program was:
| /* confdefs.h */
| #define PACKAGE_NAME "PCRE2"
| #define PACKAGE_TARNAME "pcre2"
| #define PACKAGE_VERSION "10.22"
| #define PACKAGE_STRING "PCRE2 10.22"
| #define PACKAGE_BUGREPORT ""
| #define PACKAGE_URL ""
| #define PACKAGE "pcre2"
| #define VERSION "10.22"
| #define STDC_HEADERS 1
| #define HAVE_SYS_TYPES_H 1
| #define HAVE_SYS_STAT_H 1
| #define HAVE_STDLIB_H 1
| #define HAVE_STRING_H 1
| #define HAVE_MEMORY_H 1
| #define HAVE_STRINGS_H 1
| #define HAVE_INTTYPES_H 1
| #define HAVE_STDINT_H 1
| #define HAVE_UNISTD_H 1
| #define HAVE_DLFCN_H 1
| #define LT_OBJDIR ".libs/"
| #define PCRE2_EXP_DECL extern __attribute__ ((visibility ("default")))
| #define PCRE2_EXP_DEFN __attribute__ ((visibility ("default")))
| #define PCRE2POSIX_EXP_DECL extern __attribute__ ((visibility ("default")))
| #define PCRE2POSIX_EXP_DEFN extern __attribute__ ((visibility ("default")))
| #define HAVE_VISIBILITY 1
| #define STDC_HEADERS 1
| #define HAVE_LIMITS_H 1
| #define HAVE_SYS_TYPES_H 1
| #define HAVE_SYS_STAT_H 1
| #define HAVE_DIRENT_H 1
| #define HAVE_SYS_WAIT_H 1
| /* end confdefs.h.  */
| #include <stdio.h>
| #ifdef HAVE_SYS_TYPES_H
| # include <sys/types.h>
| #endif
| #ifdef HAVE_SYS_STAT_H
| # include <sys/stat.h>
| #endif
| #ifdef STDC_HEADERS
| # include <stdlib.h>
| # include <stddef.h>
| #else
| # ifdef HAVE_STDLIB_H
| #  include <stdlib.h>
| # endif
| #endif
| #ifdef HAVE_STRING_H
| # if !defined STDC_HEADERS && defined HAVE_MEMORY_H
| #  include <memory.h>
| # endif
| # include <string.h>
| #endif
| #ifdef HAVE_STRINGS_H
| # include <strings.h>
| #endif
| #ifdef HAVE_INTTYPES_H
| # include <inttypes.h>
| #endif
| #ifdef HAVE_STDINT_H
| # include <stdint.h>
| #endif
| #ifdef HAVE_UNISTD_H
| # include <unistd.h>
| #endif
| int
| main ()
| {
| if (sizeof ((size_t)))
| 	    return 0;
|   ;
|   return 0;
| }
configure:14313: result: yes
configure:14330: checking for bcopy
configure:14330: gcc -o conftest -g -O2   conftest.c  >&5
conftest.c:57:6: warning: conflicting types for built-in function 'bcopy' [-Wbuiltin-declaration-mismatch]
 char bcopy ();
      ^~~~~
configure:14330: $? = 0
configure:14330: result: yes
configure:14330: checking for memmove
configure:14330: gcc -o conftest -g -O2   conftest.c  >&5
conftest.c:58:6: warning: conflicting types for built-in function 'memmove' [-Wbuiltin-declaration-mismatch]
 char memmove ();
      ^~~~~~~
configure:14330: $? = 0
configure:14330: result: yes
configure:14330: checking for strerror
configure:14330: gcc -o conftest -g -O2   conftest.c  >&5
configure:14330: $? = 0
configure:14330: result: yes
configure:14344: checking zlib.h usability
configure:14344: gcc -c -g -O2  conftest.c >&5
configure:14344: $? = 0
configure:14344: result: yes
configure:14344: checking zlib.h presence
configure:14344: gcc -E  conftest.c
configure:14344: $? = 0
configure:14344: result: yes
configure:14344: checking for zlib.h
configure:14344: result: yes
configure:14354: checking for gzopen in -lz
configure:14379: gcc -o conftest -g -O2   conftest.c -lz   >&5
configure:14379: $? = 0
configure:14388: result: yes
configure:14413: checking bzlib.h usability
configure:14413: gcc -c -g -O2  conftest.c >&5
configure:14413: $? = 0
configure:14413: result: yes
configure:14413: checking bzlib.h presence
configure:14413: gcc -E  conftest.c
configure:14413: $? = 0
configure:14413: result: yes
configure:14413: checking for bzlib.h
configure:14413: result: yes
configure:14428: checking for libbz2
configure:14446: gcc -o conftest -g -O2   conftest.c  -lbz2 >&5
conftest.c: In function 'main':
conftest.c:46:8: warning: cast from pointer to integer of different size [-Wpointer-to-int-cast]
 return (int)BZ2_bzopen("conftest", "rb");
        ^
configure:14446: $? = 0
configure:14447: result: yes
configure:16035: checking that generated files are newer than configure
configure:16041: result: done
configure:16104: creating ./config.status

## ---------------------- ##
## Running config.status. ##
## ---------------------- ##

This file was extended by PCRE2 config.status 10.22, which was
generated by GNU Autoconf 2.69.  Invocation command line was

  CONFIG_FILES    = 
  CONFIG_HEADERS  = 
  CONFIG_LINKS    = 
  CONFIG_COMMANDS = 
  $ ./config.status 

on office

config.status:: creating Makefile
config.status:: creating libpcre2-8.pc
config.status:: creating libpcre2-16.pc
config.status:: creating libpcre2-32.pc
config.status:: creating libpcre2-posix.pc
config.status:: creating pcre2-config
config.status:: creating src/pcre2.h
config.status:: creating src/config.h
config.status:: src/config.h is unchanged
config.status:: executing depfiles commands
config.status:: executing libtool commands
config.status:: executing script-chmod commands
config.status:: executing delete-old-chartables commands

## ---------------- ##
## Cache variables. ##
## ---------------- ##

ac_cv_build=x86_64-unknown-linux-gnu
ac_cv_c_compiler_gnu=yes
ac_cv_c_const=yes
ac_cv_c_int64_t=yes
ac_cv_env_CC_set=
ac_cv_env_CC_value=
ac_cv_env_CFLAGS_set=
ac_cv_env_CFLAGS_value=
ac_cv_env_CPPFLAGS_set=
ac_cv_env_CPPFLAGS_value=
ac_cv_env_CPP_set=
ac_cv_env_CPP_value=
ac_cv_env_GENHTML_set=
ac_cv_env_GENHTML_value=
ac_cv_env_LCOV_set=
ac_cv_env_LCOV_value=
ac_cv_env_LDFLAGS_set=
ac_cv_env_LDFLAGS_value=
ac_cv_env_LIBS_set=
ac_cv_env_LIBS_value=
ac_cv_env_LT_SYS_LIBRARY_PATH_set=
ac_cv_env_LT_SYS_LIBRARY_PATH_value=
ac_cv_env_PKG_CONFIG_LIBDIR_set=
ac_cv_env_PKG_CONFIG_LIBDIR_value=
ac_cv_env_PKG_CONFIG_PATH_set=
ac_cv_env_PKG_CONFIG_PATH_value=
ac_cv_env_PKG_CONFIG_set=
ac_cv_env_PKG_CONFIG_value=
ac_cv_env_VALGRIND_CFLAGS_set=
ac_cv_env_VALGRIND_CFLAGS_value=
ac_cv_env_VALGRIND_LIBS_set=
ac_cv_env_VALGRIND_LIBS_value=
ac_cv_env_build_alias_set=
ac_cv_env_build_alias_value=
ac_cv_env_host_alias_set=
ac_cv_env_host_alias_value=
ac_cv_env_target_alias_set=
ac_cv_env_target_alias_value=
ac_cv_func_bcopy=yes
ac_cv_func_memmove=yes
ac_cv_func_strerror=yes
ac_cv_header_bzlib_h=yes
ac_cv_header_dirent_h=yes
ac_cv_header_dlfcn_h=yes
ac_cv_header_inttypes_h=yes
ac_cv_header_limits_h=yes
ac_cv_header_memory_h=yes
ac_cv_header_stdc=yes
ac_cv_header_stdint_h=yes
ac_cv_header_stdlib_h=yes
ac_cv_header_string_h=yes
ac_cv_header_strings_h=yes
ac_cv_header_sys_stat_h=yes
ac_cv_header_sys_types_h=yes
ac_cv_header_sys_wait_h=yes
ac_cv_header_unistd_h=yes
ac_cv_header_windows_h=no
ac_cv_header_zlib_h=yes
ac_cv_host=x86_64-unknown-linux-gnu
ac_cv_lib_z_gzopen=yes
ac_cv_objext=o
ac_cv_path_EGREP='/bin/grep -E'
ac_cv_path_FGREP='/bin/grep -F'
ac_cv_path_GREP=/bin/grep
ac_cv_path_SED=/bin/sed
ac_cv_path_install='/usr/bin/install -c'
ac_cv_path_lt_DD=/bin/dd
ac_cv_path_mkdir=/bin/mkdir
ac_cv_prog_AWK=gawk
ac_cv_prog_CPP='gcc -E'
ac_cv_prog_ac_ct_AR=ar
ac_cv_prog_ac_ct_CC=gcc
ac_cv_prog_ac_ct_DLLTOOL=dlltool
ac_cv_prog_ac_ct_MANIFEST_TOOL=mt
ac_cv_prog_ac_ct_OBJDUMP=objdump
ac_cv_prog_ac_ct_RANLIB=ranlib
ac_cv_prog_ac_ct_STRIP=strip
ac_cv_prog_cc_c89=
ac_cv_prog_cc_g=yes
ac_cv_prog_make_make_set=yes
ac_cv_type_size_t=yes
am_cv_CC_dependencies_compiler_type=gcc3
am_cv_ar_interface=ar
am_cv_make_support_nested_variables=yes
am_cv_prog_cc_c_o=yes
lt_cv_ar_at_file=@
lt_cv_deplibs_check_method=pass_all
lt_cv_file_magic_cmd='$MAGIC_CMD'
lt_cv_file_magic_test_file=
lt_cv_ld_reload_flag=-r
lt_cv_nm_interface='BSD nm'
lt_cv_objdir=.libs
lt_cv_path_LD=/usr/bin/ld
lt_cv_path_NM='/usr/bin/nm -B'
lt_cv_path_mainfest_tool=no
lt_cv_prog_compiler_c_o=yes
lt_cv_prog_compiler_pic='-fPIC -DPIC'
lt_cv_prog_compiler_pic_works=yes
lt_cv_prog_compiler_rtti_exceptions=no
lt_cv_prog_compiler_static_works=yes
lt_cv_prog_gnu_ld=yes
lt_cv_sharedlib_from_linklib_cmd='printf %s\n'
lt_cv_shlibpath_overrides_runpath=yes
lt_cv_sys_global_symbol_pipe='sed -n -e '\''s/^.*[	 ]\([ABCDGIRSTW][ABCDGIRSTW]*\)[	 ][	 ]*\([_A-Za-z][_A-Za-z0-9]*\)$/\1 \2 \2/p'\'' | sed '\''/ __gnu_lto/d'\'''
lt_cv_sys_global_symbol_to_c_name_address='sed -n -e '\''s/^: \(.*\) .*$/  {"\1", (void *) 0},/p'\'' -e '\''s/^[ABCDGIRSTW][ABCDGIRSTW]* .* \(.*\)$/  {"\1", (void *) \&\1},/p'\'''
lt_cv_sys_global_symbol_to_c_name_address_lib_prefix='sed -n -e '\''s/^: \(.*\) .*$/  {"\1", (void *) 0},/p'\'' -e '\''s/^[ABCDGIRSTW][ABCDGIRSTW]* .* \(lib.*\)$/  {"\1", (void *) \&\1},/p'\'' -e '\''s/^[ABCDGIRSTW][ABCDGIRSTW]* .* \(.*\)$/  {"lib\1", (void *) \&\1},/p'\'''
lt_cv_sys_global_symbol_to_cdecl='sed -n -e '\''s/^T .* \(.*\)$/extern int \1();/p'\'' -e '\''s/^[ABCDGIRSTW][ABCDGIRSTW]* .* \(.*\)$/extern char \1;/p'\'''
lt_cv_sys_global_symbol_to_import=
lt_cv_sys_max_cmd_len=1572864
lt_cv_to_host_file_cmd=func_convert_file_noop
lt_cv_to_tool_file_cmd=func_convert_file_noop
lt_cv_truncate_bin='/bin/dd bs=4096 count=1'
pcre2_cv_cc_vis_werror=yes
pcre2_cv_cc_visibility=yes

## ----------------- ##
## Output variables. ##
## ----------------- ##

ACLOCAL='${SHELL} /home/pscottdv/repos/pscottdv/node-pcre2/deps/pcre2/missing aclocal-1.15'
AMDEPBACKSLASH='\'
AMDEP_FALSE='#'
AMDEP_TRUE=''
AMTAR='$${TAR-tar}'
AM_BACKSLASH='\'
AM_DEFAULT_V='$(AM_DEFAULT_VERBOSITY)'
AM_DEFAULT_VERBOSITY='0'
AM_V='$(V)'
AR='ar'
AS='as'
AUTOCONF='${SHELL} /home/pscottdv/repos/pscottdv/node-pcre2/deps/pcre2/missing autoconf'
AUTOHEADER='${SHELL} /home/pscottdv/repos/pscottdv/node-pcre2/deps/pcre2/missing autoheader'
AUTOMAKE='${SHELL} /home/pscottdv/repos/pscottdv/node-pcre2/deps/pcre2/missing automake-1.15'
AWK='gawk'
CC='gcc'
CCDEPMODE='depmode=gcc3'
CFLAGS='-g -O2'
CPP='gcc -E'
CPPFLAGS=''
CYGPATH_W='echo'
DEFS='-DHAVE_CONFIG_H'
DEPDIR='.deps'
DISTCHECK_CONFIGURE_FLAGS='CFLAGS='\'''\'' CXXFLAGS='\'''\'' --enable-pcre2-16 --enable-pcre2-32 --enable-jit --enable-utf'
DLLTOOL='dlltool'
DSYMUTIL=''
DUMPBIN=''
ECHO_C=''
ECHO_N='-n'
ECHO_T=''
EGREP='/bin/grep -E'
EXEEXT=''
EXTRA_LIBPCRE2_16_LDFLAGS='    -version-info 4:0:4'
EXTRA_LIBPCRE2_32_LDFLAGS='    -version-info 4:0:4'
EXTRA_LIBPCRE2_8_LDFLAGS='    -version-info 4:0:4'
EXTRA_LIBPCRE2_POSIX_LDFLAGS='    -version-info 1:0:0'
FGREP='/bin/grep -F'
GCOV_CFLAGS=''
GCOV_CXXFLAGS=''
GCOV_LIBS=''
GENHTML=''
GREP='/bin/grep'
HAVE_VISIBILITY='1'
INSTALL_DATA='${INSTALL} -m 644'
INSTALL_PROGRAM='${INSTALL}'
INSTALL_SCRIPT='${INSTALL}'
INSTALL_STRIP_PROGRAM='$(install_sh) -c -s'
LCOV=''
LD='/usr/bin/ld -m elf_x86_64'
LDFLAGS=''
LIBBZ2=''
LIBOBJS=''
LIBREADLINE=''
LIBS=''
LIBTOOL='$(SHELL) $(top_builddir)/libtool'
LIBZ=''
LIPO=''
LN_S='ln -s'
LTLIBOBJS=''
LT_SYS_LIBRARY_PATH=''
MAKEINFO='${SHELL} /home/pscottdv/repos/pscottdv/node-pcre2/deps/pcre2/missing makeinfo'
MANIFEST_TOOL=':'
MKDIR_P='/bin/mkdir -p'
NM='/usr/bin/nm -B'
NMEDIT=''
OBJDUMP='objdump'
OBJEXT='o'
OTOOL64=''
OTOOL=''
PACKAGE='pcre2'
PACKAGE_BUGREPORT=''
PACKAGE_NAME='PCRE2'
PACKAGE_STRING='PCRE2 10.22'
PACKAGE_TARNAME='pcre2'
PACKAGE_URL=''
PACKAGE_VERSION='10.22'
PATH_SEPARATOR=':'
PCRE2_DATE='2016-07-29'
PCRE2_MAJOR='10'
PCRE2_MINOR='22'
PCRE2_PRERELEASE=''
PCRE2_STATIC_CFLAG='-DPCRE2_STATIC'
PKG_CONFIG=''
PKG_CONFIG_LIBDIR=''
PKG_CONFIG_PATH=''
PTHREAD_CC=''
PTHREAD_CFLAGS=''
PTHREAD_LIBS=''
RANLIB='ranlib'
SED='/bin/sed'
SET_MAKE=''
SHELL='/bin/sh'
SHTOOL=''
STRIP='strip'
VALGRIND_CFLAGS=''
VALGRIND_LIBS=''
VERSION='10.22'
VISIBILITY_CFLAGS='-fvisibility=hidden'
VISIBILITY_CXXFLAGS='-fvisibility=hidden -fvisibility-inlines-hidden'
WITH_DEBUG_FALSE=''
WITH_DEBUG_TRUE='#'
WITH_GCOV_FALSE=''
WITH_GCOV_TRUE='#'
WITH_JIT_FALSE=''
WITH_JIT_TRUE='#'
WITH_PCRE2_16_FALSE=''
WITH_PCRE2_16_TRUE='#'
WITH_PCRE2_32_FALSE=''
WITH_PCRE2_32_TRUE='#'
WITH_PCRE2_8_FALSE='#'
WITH_PCRE2_8_TRUE=''
WITH_REBUILD_CHARTABLES_FALSE=''
WITH_REBUILD_CHARTABLES_TRUE='#'
WITH_UNICODE_FALSE='#'
WITH_UNICODE_TRUE=''
WITH_VALGRIND_FALSE=''
WITH_VALGRIND_TRUE='#'
ac_ct_AR='ar'
ac_ct_CC='gcc'
ac_ct_DUMPBIN=''
am__EXEEXT_FALSE=''
am__EXEEXT_TRUE='#'
am__fastdepCC_FALSE='#'
am__fastdepCC_TRUE=''
am__include='include'
am__isrc=''
am__leading_dot='.'
am__nodep='_no'
am__quote=''
am__tar='$${TAR-tar} chof - "$$tardir"'
am__untar='$${TAR-tar} xf -'
ax_pthread_config=''
bindir='${exec_prefix}/bin'
build='x86_64-unknown-linux-gnu'
build_alias=''
build_cpu='x86_64'
build_os='linux-gnu'
build_vendor='unknown'
datadir='${datarootdir}'
datarootdir='${prefix}/share'
docdir='${datarootdir}/doc/${PACKAGE_TARNAME}'
dvidir='${docdir}'
enable_pcre2_16='no'
enable_pcre2_32='no'
enable_pcre2_8='yes'
exec_prefix='${prefix}'
host='x86_64-unknown-linux-gnu'
host_alias=''
host_cpu='x86_64'
host_os='linux-gnu'
host_vendor='unknown'
htmldir='${docdir}/html'
includedir='${prefix}/include'
infodir='${datarootdir}/info'
install_sh='${SHELL} /home/pscottdv/repos/pscottdv/node-pcre2/deps/pcre2/install-sh'
libdir='${exec_prefix}/lib'
libexecdir='${exec_prefix}/libexec'
localedir='${datarootdir}/locale'
localstatedir='${prefix}/var'
mandir='${datarootdir}/man'
mkdir_p='$(MKDIR_P)'
oldincludedir='/usr/include'
pdfdir='${docdir}'
prefix='/home/pscottdv/repos/pscottdv/node-pcre2/deps/pcre2/../../build_pcre2'
program_transform_name='s,x,x,'
psdir='${docdir}'
runstatedir='${localstatedir}/run'
sbindir='${exec_prefix}/sbin'
sharedstatedir='${prefix}/com'
sysconfdir='${prefix}/etc'
target_alias=''

## ----------- ##
## confdefs.h. ##
## ----------- ##

/* confdefs.h */
#define PACKAGE_NAME "PCRE2"
#define PACKAGE_TARNAME "pcre2"
#define PACKAGE_VERSION "10.22"
#define PACKAGE_STRING "PCRE2 10.22"
#define PACKAGE_BUGREPORT ""
#define PACKAGE_URL ""
#define PACKAGE "pcre2"
#define VERSION "10.22"
#define STDC_HEADERS 1
#define HAVE_SYS_TYPES_H 1
#define HAVE_SYS_STAT_H 1
#define HAVE_STDLIB_H 1
#define HAVE_STRING_H 1
#define HAVE_MEMORY_H 1
#define HAVE_STRINGS_H 1
#define HAVE_INTTYPES_H 1
#define HAVE_STDINT_H 1
#define HAVE_UNISTD_H 1
#define HAVE_DLFCN_H 1
#define LT_OBJDIR ".libs/"
#define PCRE2_EXP_DECL extern __attribute__ ((visibility ("default")))
#define PCRE2_EXP_DEFN __attribute__ ((visibility ("default")))
#define PCRE2POSIX_EXP_DECL extern __attribute__ ((visibility ("default")))
#define PCRE2POSIX_EXP_DEFN extern __attribute__ ((visibility ("default")))
#define HAVE_VISIBILITY 1
#define STDC_HEADERS 1
#define HAVE_LIMITS_H 1
#define HAVE_SYS_TYPES_H 1
#define HAVE_SYS_STAT_H 1
#define HAVE_DIRENT_H 1
#define HAVE_SYS_WAIT_H 1
#define HAVE_BCOPY 1
#define HAVE_MEMMOVE 1
#define HAVE_STRERROR 1
#define HAVE_ZLIB_H 1
#define HAVE_BZLIB_H 1
#define PCRE2_STATIC 1
#define SUPPORT_PCRE2_8 /**/
#define SUPPORT_PCRE2GREP_CALLOUT /**/
#define SUPPORT_UNICODE /**/
#define HEAP_MATCH_RECURSE /**/
#define PCRE2GREP_BUFSIZE 20480
#define NEWLINE_DEFAULT 2
#define LINK_SIZE 2
#define PARENS_NEST_LIMIT 50000
#define MATCH_LIMIT 500000000
#define MATCH_LIMIT_RECURSION MATCH_LIMIT
#define MAX_NAME_SIZE 32
#define MAX_NAME_COUNT 10000

configure: exit 0
